2024-10-12 13:25:37 - BurntToast module import sucessfull.
2024-10-12 13:25:37 - Announced file exists.
2024-10-12 13:25:37 - Script started.
2024-10-12 13:25:37 - Checking for new releases...
2024-10-12 13:25:38 - RSS feed fetched successfully.
2024-10-12 13:25:38 - Found elements in the RSS feed.
2024-10-12 13:25:38 - Skipping 'My Hero Academia Season 7 - Episode 159 - Battle Without a Quirk' because 'My Hero Academia' is not in user-specified list.
2024-10-12 13:25:38 - Skipping 'CARDFIGHT!! VANGUARD Divinez Season 2 - Episode 13 - A Miracle Will Descend' because 'CARDFIGHT!! VANGUARD overDress' is not in user-specified list.
2024-10-12 13:25:38 - Skipping 'Crunchyroll Presents: The Anime Effect - Episode 35 - SUBARU's Voice Actor Meets the ISEKAI BUTTON! (ft. Yūsuke Kobayashi) ' because 'Crunchyroll Presents: The Anime Effect' is not in user-specified list.
2024-10-12 13:25:38 - Skipping 'That Time I Got Reincarnated as a Slime Season 3 (English Dub) - Episode 72 - After the Festival' because 'That Time I Got Reincarnated as a Slime' is not in user-specified list.
2024-10-12 13:25:38 - Skipping 'That Time I Got Reincarnated as a Slime Season 3 (French Dub) - Episode 70 - Settling the Score with the Hero' because 'That Time I Got Reincarnated as a Slime' is not in user-specified list.
2024-10-12 13:25:38 - Skipping 'NieR:Automata Ver1.1a (Portugese Dub) - Episode 23 - meaningless [C]ode' because 'NieR:Automata Ver1.1a' is not in user-specified list.
2024-10-12 13:25:38 - Skipping 'NieR:Automata Ver1.1a (Spanish Dub) - Episode 23 - meaningless [C]ode' because 'NieR:Automata Ver1.1a' is not in user-specified list.
2024-10-12 13:25:38 - Skipping 'NieR:Automata Ver1.1a (English Dub) - Episode 23 - meaningless [C]ode' because 'NieR:Automata Ver1.1a' is not in user-specified list.
2024-10-12 13:25:38 - Skipping 'The Stories of Girls Who Couldn't Be Magicians - Episode 2 - Maybe I Can Be a Magician.' because 'The Stories of Girls Who Couldn't Be Magicians' is not in user-specified list.
2024-10-12 13:25:38 - Skipping 'THE iDOLM@STER SHINY COLORS 2nd Season - Episode 2 - Straylight.run() // playback' because 'THE iDOLM@STER SHINY COLORS' is not in user-specified list.
2024-10-12 13:25:38 - Skipping 'Dragon Ball DAIMA - Episode 1 - Conspiracy' because 'Dragon Ball DAIMA' is not in user-specified list.
2024-10-12 13:25:38 - Skipping 'Sword Art Online Alternative: Gun Gale Online II - Episode 2 - The Great Freight Car Operation' because 'Sword Art Online Alternative: Gun Gale Online' is not in user-specified list.
2024-10-12 13:25:38 - Skipping 'True Beauty (Japanese Audio) - Episode 2 - I'm totally screwed!' because 'True Beauty' is not in user-specified list.
2024-10-12 13:25:38 - Skipping '2.5 Dimensional Seduction - Episode 15' because '2.5 Dimensional Seduction' is not in user-specified list.
2024-10-12 13:25:38 - Skipping 'Assassination Classroom Second Season (Telugu Dub) - Episode 13 - Let Live Time' because 'Assassination Classroom' is not in user-specified list.
2024-10-12 13:25:38 - Skipping 'Assassination Classroom Second Season (Tamil Dub) - Episode 13 - Let Live Time' because 'Assassination Classroom' is not in user-specified list.
2024-10-12 13:25:38 - Skipping 'My Deer Friend Nokotan (English Dub) - Episode 12 - Farewell Nokotan!? Long Live the Deer Club!' because 'My Deer Friend Nokotan' is not in user-specified list.
2024-10-12 13:25:38 - Skipping 'My Deer Friend Nokotan (English Dub) - Episode 11 - The Pursuer and the Pursued' because 'My Deer Friend Nokotan' is not in user-specified list.
2024-10-12 13:25:38 - Skipping 'My Deer Friend Nokotan (English Dub) - Episode 10 - Blame it on the Spring' because 'My Deer Friend Nokotan' is not in user-specified list.
2024-10-12 13:25:38 - Skipping 'My Deer Friend Nokotan (English Dub) - Episode 9 - Get the Sports Festival Done!' because 'My Deer Friend Nokotan' is not in user-specified list.
2024-10-12 13:25:38 - Skipping 'My Deer Friend Nokotan (English Dub) - Episode 8 - Goodbye, Old Deer! Hello, New Deer!' because 'My Deer Friend Nokotan' is not in user-specified list.
2024-10-12 13:25:38 - Skipping 'My Deer Friend Nokotan (English Dub) - Episode 7 - Deer Coll, Streaming, Hospitality, etc' because 'My Deer Friend Nokotan' is not in user-specified list.
2024-10-12 13:25:38 - Skipping 'My Deer Friend Nokotan (English Dub) - Episode 6 - Summer Deer Festival' because 'My Deer Friend Nokotan' is not in user-specified list.
2024-10-12 13:25:38 - Skipping 'My Deer Friend Nokotan (English Dub) - Episode 5 - Grab Her Weakness!!' because 'My Deer Friend Nokotan' is not in user-specified list.
2024-10-12 13:25:38 - Skipping 'My Deer Friend Nokotan (English Dub) - Episode 4 - The Deer Club in the Crosshairs' because 'My Deer Friend Nokotan' is not in user-specified list.
2024-10-12 13:25:38 - Skipping 'My Deer Friend Nokotan (English Dub) - Episode 3 - The New Student: Bashame' because 'My Deer Friend Nokotan' is not in user-specified list.
2024-10-12 13:25:38 - Skipping 'My Deer Friend Nokotan (English Dub) - Episode 1 - Girl Meets Deer' because 'My Deer Friend Nokotan' is not in user-specified list.
2024-10-12 13:25:38 - Skipping 'My Deer Friend Nokotan (English Dub) - Episode 2 - Deer Meets Darkness Girl' because 'My Deer Friend Nokotan' is not in user-specified list.
2024-10-12 13:25:38 - Skipping 'The Café Terrace and Its Goddesses (German Dub) - Episode 24 - The Last Pilaf' because 'The Café Terrace and Its Goddesses' is not in user-specified list.
2024-10-12 13:25:38 - Skipping 'The Café Terrace and Its Goddesses (Spanish Dub) - Episode 24 - The Last Pilaf' because 'The Café Terrace and Its Goddesses' is not in user-specified list.
2024-10-12 13:25:38 - Skipping 'BARTENDER Glass of God (English Dub) - Episode 12 - An Important Job' because 'BARTENDER Glass of God' is not in user-specified list.
2024-10-12 13:25:38 - Skipping 'Pseudo Harem (Portuguese Dub) - Episode 12 - The Beginning of a Story' because 'Pseudo Harem' is not in user-specified list.
2024-10-12 13:25:38 - Skipping 'Pseudo Harem (Spanish Dub) - Episode 12 - The Beginning of a Story' because 'Pseudo Harem' is not in user-specified list.
2024-10-12 13:25:38 - Skipping 'Twilight Out of Focus (Hindi Dub) - Episode 12 - A Red Thread' because 'Twilight Out of Focus' is not in user-specified list.
2024-10-12 13:25:38 - Skipping 'Days with My Stepsister (Hindi Dub) - Episode 12 - "     and     "' because 'Days with My Stepsister' is not in user-specified list.
2024-10-12 13:25:38 - Skipping 'Another Journey to the West - Episode 1 - Episode 1' because 'Another Journey to the West' is not in user-specified list.
2024-10-12 13:25:38 - Skipping 'Another Journey to the West - Episode 2 - Episode 2' because 'Another Journey to the West' is not in user-specified list.
2024-10-12 13:25:38 - Skipping 'Rurouni Kenshin -Kyoto Disturbance- - Episode 26 - On the East Sea Road' because 'Rurouni Kenshin' is not in user-specified list.
2024-10-12 13:25:38 - Skipping 'TRILLION GAME - Episode 3 - You’ll Win, Won’t You?' because 'TRILLION GAME' is not in user-specified list.
2024-10-12 13:25:38 - Dubs for Good Bye, Dragon Life : 
2024-10-12 13:25:38 - Processing: Good Bye, Dragon Life with allowed dubs: ''
2024-10-12 13:25:38 - No dubs specified for 'Good Bye, Dragon Life'. Treating it as Japanese.
2024-10-12 13:25:38 - Allowed dub found for 'Good Bye, Dragon Life - Episode 2 - A New Friend'.
2024-10-12 13:25:38 - Title 'Good Bye, Dragon Life - Episode 2 - A New Friend' is outside the allowed time range.
2024-10-12 13:25:38 - Skipping 'Mecha-Ude: Mechanical Arms - Episode 2 - We Live in Completely Different Worlds' because 'Mecha-Ude: Mechanical Arms' is not in user-specified list.
2024-10-12 13:25:38 - Skipping 'DAN DA DAN (French Dub) - Episode 2' because 'DAN DA DAN' is not in user-specified list.
2024-10-12 13:25:38 - Skipping 'DAN DA DAN (German Dub) - Episode 2' because 'DAN DA DAN' is not in user-specified list.
2024-10-12 13:25:38 - Skipping 'DAN DA DAN - Episode 2 - That's a Space Alien, Ain't It?!' because 'DAN DA DAN' is not in user-specified list.
2024-10-12 13:25:39 - Skipping 'DAN DA DAN (English Dub) - Episode 2 - That's a Space Alien, Ain't It?!' because 'DAN DA DAN' is not in user-specified list.
2024-10-12 13:25:39 - Skipping '365 Days to the Wedding - Episode 2 - What Does It Mean to Get Married?' because '365 Days To The Wedding' is not in user-specified list.
2024-10-12 13:25:39 - Skipping 'Negative Positive Angler - Episode 2 - Fishing at the pool' because 'Negative Positive Angler' is not in user-specified list.
2024-10-12 13:25:39 - Dubs for Is It Wrong to Try to Pick Up Girls in a Dungeon? : 
2024-10-12 13:25:39 - Processing: Is It Wrong to Try to Pick Up Girls in a Dungeon? with allowed dubs: ''
2024-10-12 13:25:39 - No dubs specified for 'Is It Wrong to Try to Pick Up Girls in a Dungeon?'. Treating it as Japanese.
2024-10-12 13:25:39 - Allowed dub found for 'Is It Wrong to Try to Pick Up Girls in a Dungeon? V - Episode 2'.
2024-10-12 13:25:39 - Title 'Is It Wrong to Try to Pick Up Girls in a Dungeon? V - Episode 2' is outside the allowed time range.
2024-10-12 13:25:39 - Skipping 'Kinokoinu Mushroom Pup - Episode 2 - Kinokoinu and Hanako' because 'Kinokoinu Mushroom Pup' is not in user-specified list.
2024-10-12 13:25:39 - Skipping 'Berserk of Gluttony (English Dub) - Episode 11 - Death March' because 'Berserk of Gluttony' is not in user-specified list.
